<?xml version="1.0" encoding="UTF-8"?>
<!-- Generated by org.testng.reporters.JUnitReportReporter -->
<testsuite hostname="TarushDubale" failures="0" tests="1" name="test.TestCaseExecution" time="2.050" errors="0" timestamp="2024-11-19T21:33:36 IST" skipped="0">
  <testcase classname="test.TestCaseExecution" name="testCaseOne" time="2.050"/>
  <system-out/>
</testsuite> <!-- test.TestCaseExecution -->
