<?xml version="1.0" encoding="UTF-8"?>
<!-- Generated by org.testng.reporters.JUnitReportReporter -->
<testsuite hostname="TarushDubale" failures="0" tests="1" name="test.TestCaseExecution" time="4.544" errors="0" timestamp="2024-11-21T21:30:46 IST" skipped="0">
  <testcase classname="test.TestCaseExecution" name="testCaseOne" time="4.544"/>
  <system-out/>
</testsuite> <!-- test.TestCaseExecution -->
